{"/Users/rahadianadinugroho/repos/website/islam/src/lib/settings.ts": {"path":"/Users/rahadianadinugroho/repos/website/islam/src/lib/settings.ts","statementMap":{"0":{"start":{"line":33,"column":55},"end":{"line":43,"column":null}},"1":{"start":{"line":45,"column":42},"end":{"line":53,"column":null}},"2":{"start":{"line":60,"column":2},"end":{"line":60,"column":null}},"3":{"start":{"line":60,"column":50},"end":{"line":60,"column":null}},"4":{"start":{"line":61,"column":2},"end":{"line":61,"column":null}},"5":{"start":{"line":61,"column":27},"end":{"line":61,"column":null}},"6":{"start":{"line":62,"column":2},"end":{"line":62,"column":null}},"7":{"start":{"line":62,"column":50},"end":{"line":62,"column":null}},"8":{"start":{"line":63,"column":2},"end":{"line":63,"column":null}},"9":{"start":{"line":63,"column":27},"end":{"line":63,"column":null}},"10":{"start":{"line":64,"column":2},"end":{"line":64,"column":null}},"11":{"start":{"line":64,"column":27},"end":{"line":64,"column":null}},"12":{"start":{"line":65,"column":2},"end":{"line":65,"column":null}},"13":{"start":{"line":65,"column":27},"end":{"line":65,"column":null}},"14":{"start":{"line":66,"column":2},"end":{"line":66,"column":null}},"15":{"start":{"line":82,"column":2},"end":{"line":82,"column":null}},"16":{"start":{"line":82,"column":56},"end":{"line":82,"column":null}},"17":{"start":{"line":85,"column":2},"end":{"line":85,"column":null}},"18":{"start":{"line":85,"column":56},"end":{"line":85,"column":null}},"19":{"start":{"line":88,"column":2},"end":{"line":88,"column":null}},"20":{"start":{"line":88,"column":56},"end":{"line":88,"column":null}},"21":{"start":{"line":91,"column":2},"end":{"line":91,"column":null}},"22":{"start":{"line":91,"column":56},"end":{"line":91,"column":null}},"23":{"start":{"line":94,"column":2},"end":{"line":94,"column":null}},"24":{"start":{"line":94,"column":57},"end":{"line":94,"column":null}},"25":{"start":{"line":97,"column":2},"end":{"line":97,"column":null}},"26":{"start":{"line":97,"column":56},"end":{"line":97,"column":null}},"27":{"start":{"line":100,"column":2},"end":{"line":100,"column":null}},"28":{"start":{"line":100,"column":56},"end":{"line":100,"column":null}},"29":{"start":{"line":105,"column":2},"end":{"line":106,"column":null}},"30":{"start":{"line":106,"column":4},"end":{"line":106,"column":null}},"31":{"start":{"line":109,"column":2},"end":{"line":110,"column":null}},"32":{"start":{"line":110,"column":4},"end":{"line":110,"column":null}},"33":{"start":{"line":114,"column":2},"end":{"line":115,"column":null}},"34":{"start":{"line":115,"column":4},"end":{"line":115,"column":null}},"35":{"start":{"line":118,"column":2},"end":{"line":119,"column":null}},"36":{"start":{"line":119,"column":4},"end":{"line":119,"column":null}},"37":{"start":{"line":123,"column":2},"end":{"line":124,"column":null}},"38":{"start":{"line":124,"column":4},"end":{"line":124,"column":null}},"39":{"start":{"line":127,"column":2},"end":{"line":128,"column":null}},"40":{"start":{"line":128,"column":4},"end":{"line":128,"column":null}},"41":{"start":{"line":131,"column":2},"end":{"line":132,"column":null}},"42":{"start":{"line":132,"column":4},"end":{"line":132,"column":null}},"43":{"start":{"line":135,"column":2},"end":{"line":136,"column":null}},"44":{"start":{"line":136,"column":4},"end":{"line":136,"column":null}},"45":{"start":{"line":139,"column":2},"end":{"line":139,"column":null}},"46":{"start":{"line":151,"column":2},"end":{"line":153,"column":null}},"47":{"start":{"line":152,"column":4},"end":{"line":152,"column":null}},"48":{"start":{"line":159,"column":2},"end":{"line":169,"column":null}},"49":{"start":{"line":160,"column":24},"end":{"line":160,"column":null}},"50":{"start":{"line":161,"column":4},"end":{"line":167,"column":null}},"51":{"start":{"line":168,"column":4},"end":{"line":168,"column":null}},"52":{"start":{"line":172,"column":23},"end":{"line":172,"column":null}},"53":{"start":{"line":173,"column":2},"end":{"line":178,"column":null}},"54":{"start":{"line":179,"column":2},"end":{"line":179,"column":null}},"55":{"start":{"line":186,"column":66},"end":{"line":195,"column":null}},"56":{"start":{"line":196,"column":2},"end":{"line":196,"column":null}},"57":{"start":{"line":203,"column":2},"end":{"line":220,"column":null}},"58":{"start":{"line":205,"column":6},"end":{"line":205,"column":null}},"59":{"start":{"line":207,"column":6},"end":{"line":207,"column":null}},"60":{"start":{"line":209,"column":6},"end":{"line":209,"column":null}},"61":{"start":{"line":211,"column":6},"end":{"line":211,"column":null}},"62":{"start":{"line":213,"column":6},"end":{"line":213,"column":null}},"63":{"start":{"line":215,"column":6},"end":{"line":215,"column":null}},"64":{"start":{"line":217,"column":6},"end":{"line":217,"column":null}},"65":{"start":{"line":219,"column":6},"end":{"line":219,"column":null}},"66":{"start":{"line":223,"column":20},"end":{"line":223,"column":null}},"67":{"start":{"line":226,"column":2},"end":{"line":234,"column":null}},"68":{"start":{"line":227,"column":19},"end":{"line":227,"column":null}},"69":{"start":{"line":228,"column":4},"end":{"line":231,"column":null}},"70":{"start":{"line":229,"column":21},"end":{"line":229,"column":null}},"71":{"start":{"line":230,"column":6},"end":{"line":230,"column":null}},"72":{"start":{"line":230,"column":32},"end":{"line":230,"column":null}},"73":{"start":{"line":235,"column":2},"end":{"line":235,"column":null}},"74":{"start":{"line":239,"column":2},"end":{"line":239,"column":null}}},"fnMap":{"0":{"name":"detectMethodFromLocale","decl":{"start":{"line":56,"column":16},"end":{"line":56,"column":null}},"loc":{"start":{"line":58,"column":36},"end":{"line":67,"column":null}}},"1":{"name":"detectMethodFromCoordinates","decl":{"start":{"line":75,"column":16},"end":{"line":75,"column":null}},"loc":{"start":{"line":78,"column":36},"end":{"line":140,"column":null}}},"2":{"name":"resolveMethod","decl":{"start":{"line":146,"column":16},"end":{"line":146,"column":null}},"loc":{"start":{"line":150,"column":36},"end":{"line":180,"column":null}}},"3":{"name":"getAdhanMethodName","decl":{"start":{"line":183,"column":16},"end":{"line":183,"column":null}},"loc":{"start":{"line":185,"column":10},"end":{"line":197,"column":null}}},"4":{"name":"getAdhanCalculationMethod","decl":{"start":{"line":200,"column":16},"end":{"line":200,"column":null}},"loc":{"start":{"line":202,"column":2},"end":{"line":221,"column":null}}},"5":{"name":"loadSettings","decl":{"start":{"line":225,"column":16},"end":{"line":225,"column":41}},"loc":{"start":{"line":225,"column":41},"end":{"line":236,"column":null}}},"6":{"name":"saveSettings","decl":{"start":{"line":238,"column":16},"end":{"line":238,"column":29}},"loc":{"start":{"line":238,"column":55},"end":{"line":240,"column":null}}}},"branchMap":{"0":{"loc":{"start":{"line":60,"column":2},"end":{"line":60,"column":null}},"type":"if","locations":[{"start":{"line":60,"column":2},"end":{"line":60,"column":null}},{"start":{},"end":{}}]},"1":{"loc":{"start":{"line":60,"column":6},"end":{"line":60,"column":50}},"type":"binary-expr","locations":[{"start":{"line":60,"column":6},"end":{"line":60,"column":29}},{"start":{"line":60,"column":29},"end":{"line":60,"column":50}}]},"2":{"loc":{"start":{"line":61,"column":2},"end":{"line":61,"column":null}},"type":"if","locations":[{"start":{"line":61,"column":2},"end":{"line":61,"column":null}},{"start":{},"end":{}}]},"3":{"loc":{"start":{"line":62,"column":2},"end":{"line":62,"column":null}},"type":"if","locations":[{"start":{"line":62,"column":2},"end":{"line":62,"column":null}},{"start":{},"end":{}}]},"4":{"loc":{"start":{"line":62,"column":6},"end":{"line":62,"column":50}},"type":"binary-expr","locations":[{"start":{"line":62,"column":6},"end":{"line":62,"column":29}},{"start":{"line":62,"column":29},"end":{"line":62,"column":50}}]},"5":{"loc":{"start":{"line":63,"column":2},"end":{"line":63,"column":null}},"type":"if","locations":[{"start":{"line":63,"column":2},"end":{"line":63,"column":null}},{"start":{},"end":{}}]},"6":{"loc":{"start":{"line":64,"column":2},"end":{"line":64,"column":null}},"type":"if","locations":[{"start":{"line":64,"column":2},"end":{"line":64,"column":null}},{"start":{},"end":{}}]},"7":{"loc":{"start":{"line":65,"column":2},"end":{"line":65,"column":null}},"type":"if","locations":[{"start":{"line":65,"column":2},"end":{"line":65,"column":null}},{"start":{},"end":{}}]},"8":{"loc":{"start":{"line":82,"column":2},"end":{"line":82,"column":null}},"type":"if","locations":[{"start":{"line":82,"column":2},"end":{"line":82,"column":null}},{"start":{},"end":{}}]},"9":{"loc":{"start":{"line":82,"column":6},"end":{"line":82,"column":56}},"type":"binary-expr","locations":[{"start":{"line":82,"column":6},"end":{"line":82,"column":19}},{"start":{"line":82,"column":19},"end":{"line":82,"column":32}},{"start":{"line":82,"column":32},"end":{"line":82,"column":45}},{"start":{"line":82,"column":45},"end":{"line":82,"column":56}}]},"10":{"loc":{"start":{"line":85,"column":2},"end":{"line":85,"column":null}},"type":"if","locations":[{"start":{"line":85,"column":2},"end":{"line":85,"column":null}},{"start":{},"end":{}}]},"11":{"loc":{"start":{"line":85,"column":6},"end":{"line":85,"column":56}},"type":"binary-expr","locations":[{"start":{"line":85,"column":6},"end":{"line":85,"column":19}},{"start":{"line":85,"column":19},"end":{"line":85,"column":32}},{"start":{"line":85,"column":32},"end":{"line":85,"column":45}},{"start":{"line":85,"column":45},"end":{"line":85,"column":56}}]},"12":{"loc":{"start":{"line":88,"column":2},"end":{"line":88,"column":null}},"type":"if","locations":[{"start":{"line":88,"column":2},"end":{"line":88,"column":null}},{"start":{},"end":{}}]},"13":{"loc":{"start":{"line":88,"column":6},"end":{"line":88,"column":56}},"type":"binary-expr","locations":[{"start":{"line":88,"column":6},"end":{"line":88,"column":19}},{"start":{"line":88,"column":19},"end":{"line":88,"column":32}},{"start":{"line":88,"column":32},"end":{"line":88,"column":45}},{"start":{"line":88,"column":45},"end":{"line":88,"column":56}}]},"14":{"loc":{"start":{"line":91,"column":2},"end":{"line":91,"column":null}},"type":"if","locations":[{"start":{"line":91,"column":2},"end":{"line":91,"column":null}},{"start":{},"end":{}}]},"15":{"loc":{"start":{"line":91,"column":6},"end":{"line":91,"column":56}},"type":"binary-expr","locations":[{"start":{"line":91,"column":6},"end":{"line":91,"column":19}},{"start":{"line":91,"column":19},"end":{"line":91,"column":32}},{"start":{"line":91,"column":32},"end":{"line":91,"column":45}},{"start":{"line":91,"column":45},"end":{"line":91,"column":56}}]},"16":{"loc":{"start":{"line":94,"column":2},"end":{"line":94,"column":null}},"type":"if","locations":[{"start":{"line":94,"column":2},"end":{"line":94,"column":null}},{"start":{},"end":{}}]},"17":{"loc":{"start":{"line":94,"column":6},"end":{"line":94,"column":57}},"type":"binary-expr","locations":[{"start":{"line":94,"column":6},"end":{"line":94,"column":20}},{"start":{"line":94,"column":20},"end":{"line":94,"column":32}},{"start":{"line":94,"column":32},"end":{"line":94,"column":45}},{"start":{"line":94,"column":45},"end":{"line":94,"column":57}}]},"18":{"loc":{"start":{"line":97,"column":2},"end":{"line":97,"column":null}},"type":"if","locations":[{"start":{"line":97,"column":2},"end":{"line":97,"column":null}},{"start":{},"end":{}}]},"19":{"loc":{"start":{"line":97,"column":6},"end":{"line":97,"column":56}},"type":"binary-expr","locations":[{"start":{"line":97,"column":6},"end":{"line":97,"column":18}},{"start":{"line":97,"column":18},"end":{"line":97,"column":30}},{"start":{"line":97,"column":30},"end":{"line":97,"column":44}},{"start":{"line":97,"column":44},"end":{"line":97,"column":56}}]},"20":{"loc":{"start":{"line":100,"column":2},"end":{"line":100,"column":null}},"type":"if","locations":[{"start":{"line":100,"column":2},"end":{"line":100,"column":null}},{"start":{},"end":{}}]},"21":{"loc":{"start":{"line":100,"column":6},"end":{"line":100,"column":56}},"type":"binary-expr","locations":[{"start":{"line":100,"column":6},"end":{"line":100,"column":19}},{"start":{"line":100,"column":19},"end":{"line":100,"column":32}},{"start":{"line":100,"column":32},"end":{"line":100,"column":45}},{"start":{"line":100,"column":45},"end":{"line":100,"column":56}}]},"22":{"loc":{"start":{"line":105,"column":2},"end":{"line":106,"column":null}},"type":"if","locations":[{"start":{"line":105,"column":2},"end":{"line":106,"column":null}},{"start":{},"end":{}}]},"23":{"loc":{"start":{"line":105,"column":6},"end":{"line":105,"column":null}},"type":"binary-expr","locations":[{"start":{"line":105,"column":6},"end":{"line":105,"column":19}},{"start":{"line":105,"column":19},"end":{"line":105,"column":32}},{"start":{"line":105,"column":32},"end":{"line":105,"column":45}},{"start":{"line":105,"column":45},"end":{"line":105,"column":null}}]},"24":{"loc":{"start":{"line":109,"column":2},"end":{"line":110,"column":null}},"type":"if","locations":[{"start":{"line":109,"column":2},"end":{"line":110,"column":null}},{"start":{},"end":{}}]},"25":{"loc":{"start":{"line":109,"column":6},"end":{"line":109,"column":null}},"type":"binary-expr","locations":[{"start":{"line":109,"column":6},"end":{"line":109,"column":19}},{"start":{"line":109,"column":19},"end":{"line":109,"column":32}},{"start":{"line":109,"column":32},"end":{"line":109,"column":47}},{"start":{"line":109,"column":47},"end":{"line":109,"column":null}}]},"26":{"loc":{"start":{"line":114,"column":2},"end":{"line":115,"column":null}},"type":"if","locations":[{"start":{"line":114,"column":2},"end":{"line":115,"column":null}},{"start":{},"end":{}}]},"27":{"loc":{"start":{"line":114,"column":6},"end":{"line":114,"column":null}},"type":"binary-expr","locations":[{"start":{"line":114,"column":6},"end":{"line":114,"column":18}},{"start":{"line":114,"column":18},"end":{"line":114,"column":31}},{"start":{"line":114,"column":31},"end":{"line":114,"column":45}},{"start":{"line":114,"column":45},"end":{"line":114,"column":null}}]},"28":{"loc":{"start":{"line":118,"column":2},"end":{"line":119,"column":null}},"type":"if","locations":[{"start":{"line":118,"column":2},"end":{"line":119,"column":null}},{"start":{},"end":{}}]},"29":{"loc":{"start":{"line":118,"column":6},"end":{"line":118,"column":null}},"type":"binary-expr","locations":[{"start":{"line":118,"column":6},"end":{"line":118,"column":19}},{"start":{"line":118,"column":19},"end":{"line":118,"column":32}},{"start":{"line":118,"column":32},"end":{"line":118,"column":45}},{"start":{"line":118,"column":45},"end":{"line":118,"column":null}}]},"30":{"loc":{"start":{"line":123,"column":2},"end":{"line":124,"column":null}},"type":"if","locations":[{"start":{"line":123,"column":2},"end":{"line":124,"column":null}},{"start":{},"end":{}}]},"31":{"loc":{"start":{"line":123,"column":6},"end":{"line":123,"column":null}},"type":"binary-expr","locations":[{"start":{"line":123,"column":6},"end":{"line":123,"column":19}},{"start":{"line":123,"column":19},"end":{"line":123,"column":32}},{"start":{"line":123,"column":32},"end":{"line":123,"column":45}},{"start":{"line":123,"column":45},"end":{"line":123,"column":null}}]},"32":{"loc":{"start":{"line":127,"column":2},"end":{"line":128,"column":null}},"type":"if","locations":[{"start":{"line":127,"column":2},"end":{"line":128,"column":null}},{"start":{},"end":{}}]},"33":{"loc":{"start":{"line":127,"column":6},"end":{"line":127,"column":null}},"type":"binary-expr","locations":[{"start":{"line":127,"column":6},"end":{"line":127,"column":19}},{"start":{"line":127,"column":19},"end":{"line":127,"column":32}},{"start":{"line":127,"column":32},"end":{"line":127,"column":45}},{"start":{"line":127,"column":45},"end":{"line":127,"column":null}}]},"34":{"loc":{"start":{"line":131,"column":2},"end":{"line":132,"column":null}},"type":"if","locations":[{"start":{"line":131,"column":2},"end":{"line":132,"column":null}},{"start":{},"end":{}}]},"35":{"loc":{"start":{"line":131,"column":6},"end":{"line":131,"column":null}},"type":"binary-expr","locations":[{"start":{"line":131,"column":6},"end":{"line":131,"column":18}},{"start":{"line":131,"column":18},"end":{"line":131,"column":31}},{"start":{"line":131,"column":31},"end":{"line":131,"column":44}},{"start":{"line":131,"column":44},"end":{"line":131,"column":null}}]},"36":{"loc":{"start":{"line":135,"column":2},"end":{"line":136,"column":null}},"type":"if","locations":[{"start":{"line":135,"column":2},"end":{"line":136,"column":null}},{"start":{},"end":{}}]},"37":{"loc":{"start":{"line":135,"column":6},"end":{"line":135,"column":null}},"type":"binary-expr","locations":[{"start":{"line":135,"column":6},"end":{"line":135,"column":18}},{"start":{"line":135,"column":18},"end":{"line":135,"column":31}},{"start":{"line":135,"column":31},"end":{"line":135,"column":45}},{"start":{"line":135,"column":45},"end":{"line":135,"column":null}}]},"38":{"loc":{"start":{"line":151,"column":2},"end":{"line":153,"column":null}},"type":"if","locations":[{"start":{"line":151,"column":2},"end":{"line":153,"column":null}},{"start":{},"end":{}}]},"39":{"loc":{"start":{"line":159,"column":2},"end":{"line":169,"column":null}},"type":"if","locations":[{"start":{"line":159,"column":2},"end":{"line":169,"column":null}},{"start":{},"end":{}}]},"40":{"loc":{"start":{"line":159,"column":6},"end":{"line":159,"column":46}},"type":"binary-expr","locations":[{"start":{"line":159,"column":6},"end":{"line":159,"column":27}},{"start":{"line":159,"column":27},"end":{"line":159,"column":46}}]},"41":{"loc":{"start":{"line":203,"column":2},"end":{"line":220,"column":null}},"type":"switch","locations":[{"start":{"line":204,"column":4},"end":{"line":205,"column":null}},{"start":{"line":206,"column":4},"end":{"line":207,"column":null}},{"start":{"line":208,"column":4},"end":{"line":209,"column":null}},{"start":{"line":210,"column":4},"end":{"line":211,"column":null}},{"start":{"line":212,"column":4},"end":{"line":213,"column":null}},{"start":{"line":214,"column":4},"end":{"line":215,"column":null}},{"start":{"line":216,"column":4},"end":{"line":217,"column":null}},{"start":{"line":218,"column":4},"end":{"line":219,"column":null}}]},"42":{"loc":{"start":{"line":228,"column":4},"end":{"line":231,"column":null}},"type":"if","locations":[{"start":{"line":228,"column":4},"end":{"line":231,"column":null}},{"start":{},"end":{}}]},"43":{"loc":{"start":{"line":230,"column":6},"end":{"line":230,"column":null}},"type":"if","locations":[{"start":{"line":230,"column":6},"end":{"line":230,"column":null}},{"start":{},"end":{}}]}},"s":{"0":2,"1":2,"2":20,"3":5,"4":15,"5":2,"6":13,"7":5,"8":8,"9":1,"10":7,"11":1,"12":6,"13":2,"14":4,"15":53,"16":4,"17":49,"18":3,"19":46,"20":4,"21":42,"22":5,"23":37,"24":9,"25":28,"26":0,"27":28,"28":6,"29":22,"30":0,"31":22,"32":3,"33":19,"34":6,"35":13,"36":2,"37":11,"38":1,"39":10,"40":1,"41":9,"42":2,"43":7,"44":1,"45":6,"46":7,"47":1,"48":6,"49":4,"50":4,"51":4,"52":2,"53":2,"54":2,"55":30,"56":30,"57":16,"58":2,"59":2,"60":2,"61":2,"62":2,"63":2,"64":2,"65":2,"66":2,"67":4,"68":4,"69":4,"70":3,"71":2,"72":1,"73":3,"74":1},"f":{"0":20,"1":53,"2":7,"3":30,"4":16,"5":4,"6":1},"b":{"0":[5,15],"1":[20,17],"2":[2,13],"3":[5,8],"4":[13,10],"5":[1,7],"6":[1,6],"7":[2,4],"8":[4,49],"9":[53,31,9,9],"10":[3,46],"11":[49,13,8,5],"12":[4,42],"13":[46,21,14,7],"14":[5,37],"15":[42,21,14,5],"16":[9,28],"17":[37,36,13,10],"18":[0,28],"19":[28,24,2,0],"20":[6,22],"21":[28,22,15,9],"22":[0,22],"23":[22,11,4,0],"24":[3,19],"25":[22,11,10,10],"26":[6,13],"27":[19,18,13,12],"28":[2,11],"29":[13,12,7,6],"30":[1,10],"31":[11,5,4,2],"32":[1,9],"33":[10,4,2,1],"34":[2,7],"35":[9,6,3,3],"36":[1,6],"37":[7,4,1,1],"38":[1,6],"39":[4,2],"40":[6,4],"41":[2,2,2,2,2,2,2,2],"42":[3,1],"43":[1,1]}}
,"/Users/rahadianadinugroho/repos/website/islam/src/scripts/prayer-times.ts": {"path":"/Users/rahadianadinugroho/repos/website/islam/src/scripts/prayer-times.ts","statementMap":{"0":{"start":{"line":14,"column":45},"end":{"line":14,"column":null}},"1":{"start":{"line":15,"column":45},"end":{"line":15,"column":null}},"2":{"start":{"line":16,"column":63},"end":{"line":16,"column":null}},"3":{"start":{"line":17,"column":39},"end":{"line":17,"column":null}},"4":{"start":{"line":22,"column":11},"end":{"line":22,"column":null}},"5":{"start":{"line":24,"column":45},"end":{"line":31,"column":null}},"6":{"start":{"line":38,"column":2},"end":{"line":38,"column":null}},"7":{"start":{"line":38,"column":16},"end":{"line":38,"column":null}},"8":{"start":{"line":40,"column":22},"end":{"line":40,"column":null}},"9":{"start":{"line":43,"column":19},"end":{"line":45,"column":null}},"10":{"start":{"line":46,"column":17},"end":{"line":46,"column":null}},"11":{"start":{"line":49,"column":2},"end":{"line":67,"column":null}},"12":{"start":{"line":50,"column":4},"end":{"line":57,"column":null}},"13":{"start":{"line":59,"column":4},"end":{"line":66,"column":null}},"14":{"start":{"line":68,"column":2},"end":{"line":68,"column":null}},"15":{"start":{"line":70,"column":15},"end":{"line":70,"column":null}},"16":{"start":{"line":71,"column":2},"end":{"line":71,"column":null}},"17":{"start":{"line":76,"column":2},"end":{"line":76,"column":null}},"18":{"start":{"line":80,"column":16},"end":{"line":80,"column":null}},"19":{"start":{"line":82,"column":2},"end":{"line":86,"column":null}},"20":{"start":{"line":88,"column":2},"end":{"line":88,"column":null}},"21":{"start":{"line":89,"column":2},"end":{"line":89,"column":null}},"22":{"start":{"line":90,"column":2},"end":{"line":90,"column":null}},"23":{"start":{"line":91,"column":2},"end":{"line":91,"column":null}},"24":{"start":{"line":94,"column":2},"end":{"line":94,"column":null}},"25":{"start":{"line":103,"column":2},"end":{"line":103,"column":null}},"26":{"start":{"line":103,"column":27},"end":{"line":103,"column":null}},"27":{"start":{"line":105,"column":82},"end":{"line":112,"column":null}},"28":{"start":{"line":114,"column":2},"end":{"line":137,"column":null}},"29":{"start":{"line":116,"column":4},"end":{"line":121,"column":null}},"30":{"start":{"line":123,"column":4},"end":{"line":136,"column":null}},"31":{"start":{"line":139,"column":2},"end":{"line":139,"column":null}},"32":{"start":{"line":143,"column":2},"end":{"line":143,"column":null}},"33":{"start":{"line":143,"column":27},"end":{"line":143,"column":null}},"34":{"start":{"line":145,"column":24},"end":{"line":149,"column":null}},"35":{"start":{"line":151,"column":21},"end":{"line":151,"column":null}},"36":{"start":{"line":152,"column":27},"end":{"line":152,"column":null}},"37":{"start":{"line":152,"column":52},"end":{"line":152,"column":63}},"38":{"start":{"line":154,"column":2},"end":{"line":159,"column":null}},"39":{"start":{"line":155,"column":15},"end":{"line":155,"column":null}},"40":{"start":{"line":156,"column":4},"end":{"line":158,"column":null}},"41":{"start":{"line":157,"column":6},"end":{"line":157,"column":null}},"42":{"start":{"line":162,"column":2},"end":{"line":178,"column":null}},"43":{"start":{"line":163,"column":22},"end":{"line":163,"column":null}},"44":{"start":{"line":164,"column":23},"end":{"line":164,"column":null}},"45":{"start":{"line":165,"column":26},"end":{"line":165,"column":null}},"46":{"start":{"line":167,"column":4},"end":{"line":177,"column":null}},"47":{"start":{"line":168,"column":18},"end":{"line":168,"column":null}},"48":{"start":{"line":169,"column":6},"end":{"line":171,"column":null}},"49":{"start":{"line":170,"column":8},"end":{"line":170,"column":null}},"50":{"start":{"line":172,"column":21},"end":{"line":172,"column":null}},"51":{"start":{"line":173,"column":6},"end":{"line":176,"column":null}},"52":{"start":{"line":174,"column":21},"end":{"line":174,"column":null}},"53":{"start":{"line":175,"column":8},"end":{"line":175,"column":null}},"54":{"start":{"line":175,"column":18},"end":{"line":175,"column":null}},"55":{"start":{"line":180,"column":2},"end":{"line":180,"column":null}},"56":{"start":{"line":184,"column":2},"end":{"line":184,"column":null}},"57":{"start":{"line":184,"column":27},"end":{"line":184,"column":null}},"58":{"start":{"line":186,"column":14},"end":{"line":186,"column":null}},"59":{"start":{"line":187,"column":18},"end":{"line":191,"column":null}},"60":{"start":{"line":187,"column":50},"end":{"line":191,"column":4}},"61":{"start":{"line":193,"column":2},"end":{"line":197,"column":null}},"62":{"start":{"line":194,"column":4},"end":{"line":196,"column":null}},"63":{"start":{"line":195,"column":6},"end":{"line":195,"column":null}},"64":{"start":{"line":200,"column":2},"end":{"line":200,"column":null}},"65":{"start":{"line":204,"column":2},"end":{"line":206,"column":null}},"66":{"start":{"line":205,"column":4},"end":{"line":205,"column":null}},"67":{"start":{"line":207,"column":2},"end":{"line":207,"column":null}},"68":{"start":{"line":208,"column":2},"end":{"line":208,"column":null}},"69":{"start":{"line":212,"column":15},"end":{"line":212,"column":null}},"70":{"start":{"line":213,"column":17},"end":{"line":213,"column":null}},"71":{"start":{"line":214,"column":22},"end":{"line":214,"column":null}},"72":{"start":{"line":216,"column":2},"end":{"line":220,"column":null}},"73":{"start":{"line":217,"column":4},"end":{"line":217,"column":null}},"74":{"start":{"line":217,"column":16},"end":{"line":217,"column":null}},"75":{"start":{"line":218,"column":4},"end":{"line":218,"column":null}},"76":{"start":{"line":218,"column":21},"end":{"line":218,"column":null}},"77":{"start":{"line":219,"column":4},"end":{"line":219,"column":null}},"78":{"start":{"line":222,"column":2},"end":{"line":222,"column":null}},"79":{"start":{"line":222,"column":14},"end":{"line":222,"column":null}},"80":{"start":{"line":224,"column":14},"end":{"line":224,"column":null}},"81":{"start":{"line":225,"column":15},"end":{"line":225,"column":null}},"82":{"start":{"line":227,"column":2},"end":{"line":230,"column":null}},"83":{"start":{"line":228,"column":4},"end":{"line":228,"column":null}},"84":{"start":{"line":228,"column":21},"end":{"line":228,"column":null}},"85":{"start":{"line":229,"column":4},"end":{"line":229,"column":null}},"86":{"start":{"line":232,"column":16},"end":{"line":232,"column":null}},"87":{"start":{"line":233,"column":18},"end":{"line":233,"column":null}},"88":{"start":{"line":234,"column":18},"end":{"line":234,"column":null}},"89":{"start":{"line":236,"column":2},"end":{"line":239,"column":null}},"90":{"start":{"line":237,"column":4},"end":{"line":238,"column":null}},"91":{"start":{"line":245,"column":14},"end":{"line":245,"column":null}},"92":{"start":{"line":247,"column":21},"end":{"line":247,"column":null}},"93":{"start":{"line":248,"column":2},"end":{"line":253,"column":null}},"94":{"start":{"line":248,"column":15},"end":{"line":248,"column":35}},"95":{"start":{"line":249,"column":4},"end":{"line":252,"column":null}},"96":{"start":{"line":250,"column":6},"end":{"line":250,"column":null}},"97":{"start":{"line":251,"column":6},"end":{"line":251,"column":null}},"98":{"start":{"line":255,"column":18},"end":{"line":255,"column":null}},"99":{"start":{"line":256,"column":2},"end":{"line":261,"column":null}},"100":{"start":{"line":256,"column":15},"end":{"line":256,"column":18}},"101":{"start":{"line":257,"column":4},"end":{"line":260,"column":null}},"102":{"start":{"line":258,"column":6},"end":{"line":258,"column":null}},"103":{"start":{"line":259,"column":6},"end":{"line":259,"column":null}},"104":{"start":{"line":263,"column":2},"end":{"line":297,"column":null}},"105":{"start":{"line":263,"column":15},"end":{"line":263,"column":18}},"106":{"start":{"line":264,"column":16},"end":{"line":264,"column":null}},"107":{"start":{"line":265,"column":4},"end":{"line":265,"column":null}},"108":{"start":{"line":265,"column":14},"end":{"line":265,"column":null}},"109":{"start":{"line":267,"column":4},"end":{"line":277,"column":null}},"110":{"start":{"line":279,"column":4},"end":{"line":296,"column":null}},"111":{"start":{"line":280,"column":6},"end":{"line":288,"column":null}},"112":{"start":{"line":289,"column":4},"end":{"line":296,"column":null}},"113":{"start":{"line":290,"column":6},"end":{"line":295,"column":null}},"114":{"start":{"line":301,"column":18},"end":{"line":301,"column":null}},"115":{"start":{"line":302,"column":2},"end":{"line":302,"column":null}},"116":{"start":{"line":302,"column":16},"end":{"line":302,"column":null}},"117":{"start":{"line":304,"column":2},"end":{"line":359,"column":null}},"118":{"start":{"line":307,"column":4},"end":{"line":311,"column":null}},"119":{"start":{"line":313,"column":15},"end":{"line":313,"column":null}},"120":{"start":{"line":314,"column":15},"end":{"line":314,"column":null}},"121":{"start":{"line":315,"column":15},"end":{"line":315,"column":null}},"122":{"start":{"line":318,"column":6},"end":{"line":324,"column":null}},"123":{"start":{"line":326,"column":4},"end":{"line":326,"column":null}},"124":{"start":{"line":327,"column":14},"end":{"line":327,"column":null}},"125":{"start":{"line":328,"column":4},"end":{"line":328,"column":null}},"126":{"start":{"line":331,"column":6},"end":{"line":332,"column":null}},"127":{"start":{"line":333,"column":4},"end":{"line":337,"column":null}},"128":{"start":{"line":339,"column":15},"end":{"line":339,"column":null}},"129":{"start":{"line":340,"column":15},"end":{"line":340,"column":null}},"130":{"start":{"line":341,"column":15},"end":{"line":341,"column":null}},"131":{"start":{"line":343,"column":19},"end":{"line":356,"column":null}},"132":{"start":{"line":357,"column":22},"end":{"line":357,"column":null}},"133":{"start":{"line":358,"column":4},"end":{"line":358,"column":null}},"134":{"start":{"line":363,"column":13},"end":{"line":363,"column":null}},"135":{"start":{"line":364,"column":2},"end":{"line":366,"column":null}},"136":{"start":{"line":365,"column":4},"end":{"line":365,"column":null}}},"fnMap":{"0":{"name":"initPrayerTimes","decl":{"start":{"line":33,"column":16},"end":{"line":33,"column":null}},"loc":{"start":{"line":37,"column":8},"end":{"line":95,"column":null}}},"1":{"name":"getAllPrayerTimes","decl":{"start":{"line":97,"column":16},"end":{"line":97,"column":null}},"loc":{"start":{"line":102,"column":4},"end":{"line":140,"column":null}}},"2":{"name":"renderPrayerTimes","decl":{"start":{"line":142,"column":9},"end":{"line":142,"column":35}},"loc":{"start":{"line":142,"column":35},"end":{"line":181,"column":null}}},"3":{"name":"(anonymous_3)","decl":{"start":{"line":152,"column":45},"end":{"line":152,"column":46}},"loc":{"start":{"line":152,"column":52},"end":{"line":152,"column":63}}},"4":{"name":"(anonymous_4)","decl":{"start":{"line":167,"column":59},"end":{"line":167,"column":60}},"loc":{"start":{"line":167,"column":67},"end":{"line":177,"column":5}}},"5":{"name":"getNextPrayer","decl":{"start":{"line":183,"column":9},"end":{"line":183,"column":75}},"loc":{"start":{"line":183,"column":75},"end":{"line":201,"column":null}}},"6":{"name":"(anonymous_6)","decl":{"start":{"line":187,"column":42},"end":{"line":187,"column":43}},"loc":{"start":{"line":187,"column":50},"end":{"line":191,"column":4}}},"7":{"name":"startCountdown","decl":{"start":{"line":203,"column":9},"end":{"line":203,"column":32}},"loc":{"start":{"line":203,"column":32},"end":{"line":209,"column":null}}},"8":{"name":"updateCountdown","decl":{"start":{"line":211,"column":9},"end":{"line":211,"column":33}},"loc":{"start":{"line":211,"column":33},"end":{"line":240,"column":null}}},"9":{"name":"highlightPrayers","decl":{"start":{"line":242,"column":9},"end":{"line":242,"column":null}},"loc":{"start":{"line":244,"column":8},"end":{"line":298,"column":null}}},"10":{"name":"renderHijriDate","decl":{"start":{"line":300,"column":9},"end":{"line":300,"column":25}},"loc":{"start":{"line":300,"column":43},"end":{"line":360,"column":null}}},"11":{"name":"showPrayerTimes","decl":{"start":{"line":362,"column":9},"end":{"line":362,"column":33}},"loc":{"start":{"line":362,"column":33},"end":{"line":367,"column":null}}}},"branchMap":{"0":{"loc":{"start":{"line":38,"column":2},"end":{"line":38,"column":null}},"type":"if","locations":[{"start":{"line":38,"column":2},"end":{"line":38,"column":null}},{"start":{},"end":{}}]},"1":{"loc":{"start":{"line":43,"column":19},"end":{"line":45,"column":null}},"type":"cond-expr","locations":[{"start":{"line":44,"column":6},"end":{"line":44,"column":null}},{"start":{"line":45,"column":6},"end":{"line":45,"column":null}}]},"2":{"loc":{"start":{"line":49,"column":2},"end":{"line":67,"column":null}},"type":"if","locations":[{"start":{"line":49,"column":2},"end":{"line":67,"column":null}},{"start":{"line":58,"column":9},"end":{"line":67,"column":null}}]},"3":{"loc":{"start":{"line":103,"column":2},"end":{"line":103,"column":null}},"type":"if","locations":[{"start":{"line":103,"column":2},"end":{"line":103,"column":null}},{"start":{},"end":{}}]},"4":{"loc":{"start":{"line":114,"column":2},"end":{"line":137,"column":null}},"type":"if","locations":[{"start":{"line":114,"column":2},"end":{"line":137,"column":null}},{"start":{},"end":{}}]},"5":{"loc":{"start":{"line":143,"column":2},"end":{"line":143,"column":null}},"type":"if","locations":[{"start":{"line":143,"column":2},"end":{"line":143,"column":null}},{"start":{},"end":{}}]},"6":{"loc":{"start":{"line":156,"column":4},"end":{"line":158,"column":null}},"type":"if","locations":[{"start":{"line":156,"column":4},"end":{"line":158,"column":null}},{"start":{},"end":{}}]},"7":{"loc":{"start":{"line":162,"column":2},"end":{"line":178,"column":null}},"type":"if","locations":[{"start":{"line":162,"column":2},"end":{"line":178,"column":null}},{"start":{},"end":{}}]},"8":{"loc":{"start":{"line":169,"column":6},"end":{"line":171,"column":null}},"type":"if","locations":[{"start":{"line":169,"column":6},"end":{"line":171,"column":null}},{"start":{},"end":{}}]},"9":{"loc":{"start":{"line":173,"column":6},"end":{"line":176,"column":null}},"type":"if","locations":[{"start":{"line":173,"column":6},"end":{"line":176,"column":null}},{"start":{},"end":{}}]},"10":{"loc":{"start":{"line":173,"column":10},"end":{"line":173,"column":39}},"type":"binary-expr","locations":[{"start":{"line":173,"column":10},"end":{"line":173,"column":20}},{"start":{"line":173,"column":20},"end":{"line":173,"column":39}}]},"11":{"loc":{"start":{"line":175,"column":8},"end":{"line":175,"column":null}},"type":"if","locations":[{"start":{"line":175,"column":8},"end":{"line":175,"column":null}},{"start":{},"end":{}}]},"12":{"loc":{"start":{"line":184,"column":2},"end":{"line":184,"column":null}},"type":"if","locations":[{"start":{"line":184,"column":2},"end":{"line":184,"column":null}},{"start":{},"end":{}}]},"13":{"loc":{"start":{"line":194,"column":4},"end":{"line":196,"column":null}},"type":"if","locations":[{"start":{"line":194,"column":4},"end":{"line":196,"column":null}},{"start":{},"end":{}}]},"14":{"loc":{"start":{"line":204,"column":2},"end":{"line":206,"column":null}},"type":"if","locations":[{"start":{"line":204,"column":2},"end":{"line":206,"column":null}},{"start":{},"end":{}}]},"15":{"loc":{"start":{"line":216,"column":2},"end":{"line":220,"column":null}},"type":"if","locations":[{"start":{"line":216,"column":2},"end":{"line":220,"column":null}},{"start":{},"end":{}}]},"16":{"loc":{"start":{"line":217,"column":4},"end":{"line":217,"column":null}},"type":"if","locations":[{"start":{"line":217,"column":4},"end":{"line":217,"column":null}},{"start":{},"end":{}}]},"17":{"loc":{"start":{"line":218,"column":4},"end":{"line":218,"column":null}},"type":"if","locations":[{"start":{"line":218,"column":4},"end":{"line":218,"column":null}},{"start":{},"end":{}}]},"18":{"loc":{"start":{"line":222,"column":2},"end":{"line":222,"column":null}},"type":"if","locations":[{"start":{"line":222,"column":2},"end":{"line":222,"column":null}},{"start":{},"end":{}}]},"19":{"loc":{"start":{"line":227,"column":2},"end":{"line":230,"column":null}},"type":"if","locations":[{"start":{"line":227,"column":2},"end":{"line":230,"column":null}},{"start":{},"end":{}}]},"20":{"loc":{"start":{"line":228,"column":4},"end":{"line":228,"column":null}},"type":"if","locations":[{"start":{"line":228,"column":4},"end":{"line":228,"column":null}},{"start":{},"end":{}}]},"21":{"loc":{"start":{"line":236,"column":2},"end":{"line":239,"column":null}},"type":"if","locations":[{"start":{"line":236,"column":2},"end":{"line":239,"column":null}},{"start":{},"end":{}}]},"22":{"loc":{"start":{"line":249,"column":4},"end":{"line":252,"column":null}},"type":"if","locations":[{"start":{"line":249,"column":4},"end":{"line":252,"column":null}},{"start":{},"end":{}}]},"23":{"loc":{"start":{"line":257,"column":4},"end":{"line":260,"column":null}},"type":"if","locations":[{"start":{"line":257,"column":4},"end":{"line":260,"column":null}},{"start":{},"end":{}}]},"24":{"loc":{"start":{"line":265,"column":4},"end":{"line":265,"column":null}},"type":"if","locations":[{"start":{"line":265,"column":4},"end":{"line":265,"column":null}},{"start":{},"end":{}}]},"25":{"loc":{"start":{"line":279,"column":4},"end":{"line":296,"column":null}},"type":"if","locations":[{"start":{"line":279,"column":4},"end":{"line":296,"column":null}},{"start":{"line":289,"column":4},"end":{"line":296,"column":null}}]},"26":{"loc":{"start":{"line":289,"column":4},"end":{"line":296,"column":null}},"type":"if","locations":[{"start":{"line":289,"column":4},"end":{"line":296,"column":null}},{"start":{},"end":{}}]},"27":{"loc":{"start":{"line":302,"column":2},"end":{"line":302,"column":null}},"type":"if","locations":[{"start":{"line":302,"column":2},"end":{"line":302,"column":null}},{"start":{},"end":{}}]},"28":{"loc":{"start":{"line":357,"column":22},"end":{"line":357,"column":null}},"type":"binary-expr","locations":[{"start":{"line":357,"column":22},"end":{"line":357,"column":40}},{"start":{"line":357,"column":40},"end":{"line":357,"column":null}}]},"29":{"loc":{"start":{"line":364,"column":2},"end":{"line":366,"column":null}},"type":"if","locations":[{"start":{"line":364,"column":2},"end":{"line":366,"column":null}},{"start":{},"end":{}}]}},"s":{"0":1,"1":1,"2":1,"3":1,"4":1,"5":1,"6":0,"7":0,"8":0,"9":0,"10":0,"11":0,"12":0,"13":0,"14":0,"15":0,"16":0,"17":0,"18":0,"19":0,"20":0,"21":0,"22":0,"23":0,"24":0,"25":0,"26":0,"27":0,"28":0,"29":0,"30":0,"31":0,"32":0,"33":0,"34":0,"35":0,"36":0,"37":0,"38":0,"39":0,"40":0,"41":0,"42":0,"43":0,"44":0,"45":0,"46":0,"47":0,"48":0,"49":0,"50":0,"51":0,"52":0,"53":0,"54":0,"55":0,"56":0,"57":0,"58":0,"59":0,"60":0,"61":0,"62":0,"63":0,"64":0,"65":0,"66":0,"67":0,"68":0,"69":0,"70":0,"71":0,"72":0,"73":0,"74":0,"75":0,"76":0,"77":0,"78":0,"79":0,"80":0,"81":0,"82":0,"83":0,"84":0,"85":0,"86":0,"87":0,"88":0,"89":0,"90":0,"91":0,"92":0,"93":0,"94":0,"95":0,"96":0,"97":0,"98":0,"99":0,"100":0,"101":0,"102":0,"103":0,"104":0,"105":0,"106":0,"107":0,"108":0,"109":0,"110":0,"111":0,"112":0,"113":0,"114":0,"115":0,"116":0,"117":0,"118":0,"119":0,"120":0,"121":0,"122":0,"123":0,"124":0,"125":0,"126":0,"127":0,"128":0,"129":0,"130":0,"131":0,"132":0,"133":0,"134":0,"135":0,"136":0},"f":{"0":0,"1":0,"2":0,"3":0,"4":0,"5":0,"6":0,"7":0,"8":0,"9":0,"10":0,"11":0},"b":{"0":[0,0],"1":[0,0],"2":[0,0],"3":[0,0],"4":[0,0],"5":[0,0],"6":[0,0],"7":[0,0],"8":[0,0],"9":[0,0],"10":[0,0],"11":[0,0],"12":[0,0],"13":[0,0],"14":[0,0],"15":[0,0],"16":[0,0],"17":[0,0],"18":[0,0],"19":[0,0],"20":[0,0],"21":[0,0],"22":[0,0],"23":[0,0],"24":[0,0],"25":[0,0],"26":[0,0],"27":[0,0],"28":[0,0],"29":[0,0]}}
}
