TN:
SF:src/lib/settings.ts
FN:56,detectMethodFromLocale
FN:75,detectMethodFromCoordinates
FN:146,resolveMethod
FN:183,getAdhanMethodName
FN:200,getAdhanCalculationMethod
FN:225,loadSettings
FN:238,saveSettings
FNF:7
FNH:7
FNDA:20,detectMethodFromLocale
FNDA:53,detectMethodFromCoordinates
FNDA:7,resolveMethod
FNDA:30,getAdhanMethodName
FNDA:16,getAdhanCalculationMethod
FNDA:4,loadSettings
FNDA:1,saveSettings
DA:33,2
DA:45,2
DA:60,20
DA:61,15
DA:62,13
DA:63,8
DA:64,7
DA:65,6
DA:66,4
DA:82,53
DA:85,49
DA:88,46
DA:91,42
DA:94,37
DA:97,28
DA:100,28
DA:105,22
DA:106,0
DA:109,22
DA:110,3
DA:114,19
DA:115,6
DA:118,13
DA:119,2
DA:123,11
DA:124,1
DA:127,10
DA:128,1
DA:131,9
DA:132,2
DA:135,7
DA:136,1
DA:139,6
DA:151,7
DA:152,1
DA:159,6
DA:160,4
DA:161,4
DA:168,4
DA:172,2
DA:173,2
DA:179,2
DA:186,30
DA:196,30
DA:203,16
DA:205,2
DA:207,2
DA:209,2
DA:211,2
DA:213,2
DA:215,2
DA:217,2
DA:219,2
DA:223,2
DA:226,4
DA:227,4
DA:228,4
DA:229,3
DA:230,2
DA:235,3
DA:239,1
LF:61
LH:60
BRDA:60,0,0,5
BRDA:60,0,1,15
BRDA:60,1,0,20
BRDA:60,1,1,17
BRDA:61,2,0,2
BRDA:61,2,1,13
BRDA:62,3,0,5
BRDA:62,3,1,8
BRDA:62,4,0,13
BRDA:62,4,1,10
BRDA:63,5,0,1
BRDA:63,5,1,7
BRDA:64,6,0,1
BRDA:64,6,1,6
BRDA:65,7,0,2
BRDA:65,7,1,4
BRDA:82,8,0,4
BRDA:82,8,1,49
BRDA:82,9,0,53
BRDA:82,9,1,31
BRDA:82,9,2,9
BRDA:82,9,3,9
BRDA:85,10,0,3
BRDA:85,10,1,46
BRDA:85,11,0,49
BRDA:85,11,1,13
BRDA:85,11,2,8
BRDA:85,11,3,5
BRDA:88,12,0,4
BRDA:88,12,1,42
BRDA:88,13,0,46
BRDA:88,13,1,21
BRDA:88,13,2,14
BRDA:88,13,3,7
BRDA:91,14,0,5
BRDA:91,14,1,37
BRDA:91,15,0,42
BRDA:91,15,1,21
BRDA:91,15,2,14
BRDA:91,15,3,5
BRDA:94,16,0,9
BRDA:94,16,1,28
BRDA:94,17,0,37
BRDA:94,17,1,36
BRDA:94,17,2,13
BRDA:94,17,3,10
BRDA:97,18,0,0
BRDA:97,18,1,28
BRDA:97,19,0,28
BRDA:97,19,1,24
BRDA:97,19,2,2
BRDA:97,19,3,0
BRDA:100,20,0,6
BRDA:100,20,1,22
BRDA:100,21,0,28
BRDA:100,21,1,22
BRDA:100,21,2,15
BRDA:100,21,3,9
BRDA:105,22,0,0
BRDA:105,22,1,22
BRDA:105,23,0,22
BRDA:105,23,1,11
BRDA:105,23,2,4
BRDA:105,23,3,0
BRDA:109,24,0,3
BRDA:109,24,1,19
BRDA:109,25,0,22
BRDA:109,25,1,11
BRDA:109,25,2,10
BRDA:109,25,3,10
BRDA:114,26,0,6
BRDA:114,26,1,13
BRDA:114,27,0,19
BRDA:114,27,1,18
BRDA:114,27,2,13
BRDA:114,27,3,12
BRDA:118,28,0,2
BRDA:118,28,1,11
BRDA:118,29,0,13
BRDA:118,29,1,12
BRDA:118,29,2,7
BRDA:118,29,3,6
BRDA:123,30,0,1
BRDA:123,30,1,10
BRDA:123,31,0,11
BRDA:123,31,1,5
BRDA:123,31,2,4
BRDA:123,31,3,2
BRDA:127,32,0,1
BRDA:127,32,1,9
BRDA:127,33,0,10
BRDA:127,33,1,4
BRDA:127,33,2,2
BRDA:127,33,3,1
BRDA:131,34,0,2
BRDA:131,34,1,7
BRDA:131,35,0,9
BRDA:131,35,1,6
BRDA:131,35,2,3
BRDA:131,35,3,3
BRDA:135,36,0,1
BRDA:135,36,1,6
BRDA:135,37,0,7
BRDA:135,37,1,4
BRDA:135,37,2,1
BRDA:135,37,3,1
BRDA:151,38,0,1
BRDA:151,38,1,6
BRDA:159,39,0,4
BRDA:159,39,1,2
BRDA:159,40,0,6
BRDA:159,40,1,4
BRDA:203,41,0,2
BRDA:203,41,1,2
BRDA:203,41,2,2
BRDA:203,41,3,2
BRDA:203,41,4,2
BRDA:203,41,5,2
BRDA:203,41,6,2
BRDA:203,41,7,2
BRDA:228,42,0,3
BRDA:228,42,1,1
BRDA:230,43,0,1
BRDA:230,43,1,1
BRF:124
BRH:120
end_of_record
TN:
SF:src/scripts/prayer-times.ts
FN:33,initPrayerTimes
FN:97,getAllPrayerTimes
FN:142,renderPrayerTimes
FN:152,(anonymous_3)
FN:167,(anonymous_4)
FN:183,getNextPrayer
FN:187,(anonymous_6)
FN:203,startCountdown
FN:211,updateCountdown
FN:242,highlightPrayers
FN:300,renderHijriDate
FN:362,showPrayerTimes
FNF:12
FNH:0
FNDA:0,initPrayerTimes
FNDA:0,getAllPrayerTimes
FNDA:0,renderPrayerTimes
FNDA:0,(anonymous_3)
FNDA:0,(anonymous_4)
FNDA:0,getNextPrayer
FNDA:0,(anonymous_6)
FNDA:0,startCountdown
FNDA:0,updateCountdown
FNDA:0,highlightPrayers
FNDA:0,renderHijriDate
FNDA:0,showPrayerTimes
DA:14,1
DA:15,1
DA:16,1
DA:17,1
DA:22,1
DA:24,1
DA:38,0
DA:40,0
DA:43,0
DA:46,0
DA:49,0
DA:50,0
DA:59,0
DA:68,0
DA:70,0
DA:71,0
DA:76,0
DA:80,0
DA:82,0
DA:88,0
DA:89,0
DA:90,0
DA:91,0
DA:94,0
DA:103,0
DA:105,0
DA:114,0
DA:116,0
DA:123,0
DA:139,0
DA:143,0
DA:145,0
DA:151,0
DA:152,0
DA:154,0
DA:155,0
DA:156,0
DA:157,0
DA:162,0
DA:163,0
DA:164,0
DA:165,0
DA:167,0
DA:168,0
DA:169,0
DA:170,0
DA:172,0
DA:173,0
DA:174,0
DA:175,0
DA:180,0
DA:184,0
DA:186,0
DA:187,0
DA:193,0
DA:194,0
DA:195,0
DA:200,0
DA:204,0
DA:205,0
DA:207,0
DA:208,0
DA:212,0
DA:213,0
DA:214,0
DA:216,0
DA:217,0
DA:218,0
DA:219,0
DA:222,0
DA:224,0
DA:225,0
DA:227,0
DA:228,0
DA:229,0
DA:232,0
DA:233,0
DA:234,0
DA:236,0
DA:237,0
DA:245,0
DA:247,0
DA:248,0
DA:249,0
DA:250,0
DA:251,0
DA:255,0
DA:256,0
DA:257,0
DA:258,0
DA:259,0
DA:263,0
DA:264,0
DA:265,0
DA:267,0
DA:279,0
DA:280,0
DA:289,0
DA:290,0
DA:301,0
DA:302,0
DA:304,0
DA:307,0
DA:313,0
DA:314,0
DA:315,0
DA:318,0
DA:326,0
DA:327,0
DA:328,0
DA:331,0
DA:333,0
DA:339,0
DA:340,0
DA:341,0
DA:343,0
DA:357,0
DA:358,0
DA:363,0
DA:364,0
DA:365,0
LF:121
LH:6
BRDA:38,0,0,0
BRDA:38,0,1,0
BRDA:43,1,0,0
BRDA:43,1,1,0
BRDA:49,2,0,0
BRDA:49,2,1,0
BRDA:103,3,0,0
BRDA:103,3,1,0
BRDA:114,4,0,0
BRDA:114,4,1,0
BRDA:143,5,0,0
BRDA:143,5,1,0
BRDA:156,6,0,0
BRDA:156,6,1,0
BRDA:162,7,0,0
BRDA:162,7,1,0
BRDA:169,8,0,0
BRDA:169,8,1,0
BRDA:173,9,0,0
BRDA:173,9,1,0
BRDA:173,10,0,0
BRDA:173,10,1,0
BRDA:175,11,0,0
BRDA:175,11,1,0
BRDA:184,12,0,0
BRDA:184,12,1,0
BRDA:194,13,0,0
BRDA:194,13,1,0
BRDA:204,14,0,0
BRDA:204,14,1,0
BRDA:216,15,0,0
BRDA:216,15,1,0
BRDA:217,16,0,0
BRDA:217,16,1,0
BRDA:218,17,0,0
BRDA:218,17,1,0
BRDA:222,18,0,0
BRDA:222,18,1,0
BRDA:227,19,0,0
BRDA:227,19,1,0
BRDA:228,20,0,0
BRDA:228,20,1,0
BRDA:236,21,0,0
BRDA:236,21,1,0
BRDA:249,22,0,0
BRDA:249,22,1,0
BRDA:257,23,0,0
BRDA:257,23,1,0
BRDA:265,24,0,0
BRDA:265,24,1,0
BRDA:279,25,0,0
BRDA:279,25,1,0
BRDA:289,26,0,0
BRDA:289,26,1,0
BRDA:302,27,0,0
BRDA:302,27,1,0
BRDA:357,28,0,0
BRDA:357,28,1,0
BRDA:364,29,0,0
BRDA:364,29,1,0
BRF:60
BRH:0
end_of_record
